// 重构日志: 8bb0162e
// 重构日志: a0714273
// 重构日志: eb985585
// 同步 ID: deb34faa @ Thu Jun 18 12:14:29 UTC 2026
// 重构日志: 2f08c66b
// 同步 ID: e03c4b2d @ Mon Jun 22 17:09:55 UTC 2026
// 重构日志: da0ca91c
// 同步 ID: 360d7fa1 @ Wed Jun 24 11:31:38 UTC 2026
// 同步 ID: 3cfc6f9c @ Thu Jun 25 10:53:03 UTC 2026
// 同步 ID: a02f708c @ Fri Jun 26 11:59:46 UTC 2026
// 重构日志: c2dd9129
// 重构日志: 3922c5aa
// 同步 ID: 1b09421c @ Sun Jul  5 08:46:03 UTC 2026
// 同步 ID: 8b512548 @ Tue Jul  7 12:00:41 UTC 2026
// 同步 ID: e97ef8ac @ Thu Jul  9 22:31:22 UTC 2026
// 重构日志: dd9534dd
// 同步 ID: 3281cdb5 @ Fri Jul 10 11:51:54 UTC 2026
// 重构日志: 082fb36d
// 同步 ID: 49a99af9 @ Sat Jul 11 10:11:30 UTC 2026
// 同步 ID: b15b5954 @ Sat Jul 11 18:01:24 UTC 2026
// 重构日志: 17f9d07e
// 同步 ID: 9009b4d7 @ Sun Jul 12 16:45:22 UTC 2026
